{"numTotalTestSuites":37,"numPassedTestSuites":28,"numFailedTestSuites":9,"numPendingTestSuites":0,"numTotalTests":93,"numPassedTests":90,"numFailedTests":3,"numPendingTests":0,"numTodoTests":0,"snapshot":{"added":0,"failure":false,"filesAdded":0,"filesRemoved":0,"filesRemovedList":[],"filesUnmatched":0,"filesUpdated":0,"matched":0,"total":0,"unchecked":0,"uncheckedKeysByFile":[],"unmatched":0,"updated":0,"didUpdate":false},"startTime":1772802045425,"success":false,"testResults":[{"assertionResults":[{"ancestorTitles":["Classification Integration Tests","BLITZ Circuit"],"fullName":"Classification Integration Tests BLITZ Circuit should classify Blitz Team (7001-7999, Sky Blue, 9000)","status":"failed","title":"should classify Blitz Team (7001-7999, Sky Blue, 9000)","duration":5033.8699,"failureMessages":["PrismaClientInitializationError: \nInvalid `any).deleteMany()` invocation in\nC:/Users/Evans Wanjau/Documents/DEV/ride-with-the-warriors/server/src/__tests__/integration/classification.test.ts:40:44\n\n  37 describe('Classification Integration Tests', () => {\n  38     beforeEach(async () => {\n  39         // Clear registrations before each test to avoid DUPLICATE errors\nΓåÆ 40         await (prisma.registration as any).deleteMany(\nCan't reach database server at `aws-1-eu-west-1.pooler.supabase.com:5432`\n\nPlease make sure your database server is running at `aws-1-eu-west-1.pooler.supabase.com:5432`.\n    at Vn.handleRequestError (C:\\Users\\Evans Wanjau\\Documents\\DEV\\ride-with-the-warriors\\server\\node_modules\\@prisma\\client\\runtime\\library.js:121:7640)\n    at Vn.handleAndLogRequestError (C:\\Users\\Evans Wanjau\\Documents\\DEV\\ride-with-the-warriors\\server\\node_modules\\@prisma\\client\\runtime\\library.js:121:6663)\n    at Vn.request (C:\\Users\\Evans Wanjau\\Documents\\DEV\\ride-with-the-warriors\\server\\node_modules\\@prisma\\client\\runtime\\library.js:121:6370)\n    at l (C:\\Users\\Evans Wanjau\\Documents\\DEV\\ride-with-the-warriors\\server\\node_modules\\@prisma\\client\\runtime\\library.js:130:9617)\n    at C:/Users/Evans Wanjau/Documents/DEV/ride-with-the-warriors/server/src/__tests__/integration/classification.test.ts:40:9"],"meta":{}},{"ancestorTitles":["Classification Integration Tests","BLITZ Circuit"],"fullName":"Classification Integration Tests BLITZ Circuit should classify Vanguard (Under 25, 5001-5999, Green, 2000)","status":"passed","title":"should classify Vanguard (Under 25, 5001-5999, Green, 2000)","duration":6860.0145999999995,"failureMessages":[],"meta":{}},{"ancestorTitles":["Classification Integration Tests","BLITZ Circuit"],"fullName":"Classification Integration Tests BLITZ Circuit should classify Airborne (25-39, 4001-4999, Purple, 2000)","status":"passed","title":"should classify Airborne (25-39, 4001-4999, Purple, 2000)","duration":1308.0078000000012,"failureMessages":[],"meta":{}},{"ancestorTitles":["Classification Integration Tests","BLITZ Circuit"],"fullName":"Classification Integration Tests BLITZ Circuit should classify Commanders (40-49, 3001-3999, Indigo, 2000)","status":"passed","title":"should classify Commanders (40-49, 3001-3999, Indigo, 2000)","duration":916.3522000000012,"failureMessages":[],"meta":{}},{"ancestorTitles":["Classification Integration Tests","BLITZ Circuit"],"fullName":"Classification Integration Tests BLITZ Circuit should classify Veterans (Over 50, 6001-6999, Red, 2000)","status":"passed","title":"should classify Veterans (Over 50, 6001-6999, Red, 2000)","duration":958.125600000003,"failureMessages":[],"meta":{}},{"ancestorTitles":["Classification Integration Tests","RECON Circuit"],"fullName":"Classification Integration Tests RECON Circuit should classify Recon Team (0001-0999, Grey, 9000)","status":"passed","title":"should classify Recon Team (0001-0999, Grey, 9000)","duration":1272.458999999999,"failureMessages":[],"meta":{}},{"ancestorTitles":["Classification Integration Tests","RECON Circuit"],"fullName":"Classification Integration Tests RECON Circuit should classify Recon Individual (2001-2999, Yellow, 2000)","status":"passed","title":"should classify Recon Individual (2001-2999, Yellow, 2000)","duration":1087.365600000001,"failureMessages":[],"meta":{}},{"ancestorTitles":["Classification Integration Tests","CORPORATE Circuit"],"fullName":"Classification Integration Tests CORPORATE Circuit should classify Corporate Team (1001-1999, Orange, 9000)","status":"passed","title":"should classify Corporate Team (1001-1999, Orange, 9000)","duration":1301.927300000003,"failureMessages":[],"meta":{}},{"ancestorTitles":["Classification Integration Tests","CORPORATE Circuit"],"fullName":"Classification Integration Tests CORPORATE Circuit should classify Individual Corporate (8001-9999, Burgundy, 2000)","status":"passed","title":"should classify Individual Corporate (8001-9999, Burgundy, 2000)","duration":820.4903000000013,"failureMessages":[],"meta":{}},{"ancestorTitles":["Classification Integration Tests","FAMILY Circuit"],"fullName":"Classification Integration Tests FAMILY Circuit should classify Cubs (4-8 years, C201-C299, Navy Blue, 1000)","status":"passed","title":"should classify Cubs (4-8 years, C201-C299, Navy Blue, 1000)","duration":1684.3642,"failureMessages":[],"meta":{}},{"ancestorTitles":["Classification Integration Tests","FAMILY Circuit"],"fullName":"Classification Integration Tests FAMILY Circuit should classify Champs (9-13 years, C301-C999, Brown, 1000)","status":"passed","title":"should classify Champs (9-13 years, C301-C999, Brown, 1000)","duration":986.0077000000019,"failureMessages":[],"meta":{}},{"ancestorTitles":["Classification Integration Tests","FAMILY Circuit"],"fullName":"Classification Integration Tests FAMILY Circuit should classify Parents (T101-T199, Pink, 2000)","status":"passed","title":"should classify Parents (T101-T199, Pink, 2000)","duration":1268.9452999999994,"failureMessages":[],"meta":{}}],"startTime":1772802048073,"endTime":1772802071579.9453,"status":"failed","message":"","name":"C:/Users/Evans Wanjau/Documents/DEV/ride-with-the-warriors/server/src/__tests__/integration/classification.test.ts"},{"assertionResults":[{"ancestorTitles":["Admin Registrations API","GET /api/v1/admin/registrations"],"fullName":"Admin Registrations API GET /api/v1/admin/registrations should require authentication","status":"passed","title":"should require authentication","duration":89.44850000000042,"failureMessages":[],"meta":{}},{"ancestorTitles":["Admin Registrations API","GET /api/v1/admin/registrations"],"fullName":"Admin Registrations API GET /api/v1/admin/registrations should return registrations for authenticated admin","status":"passed","title":"should return registrations for authenticated admin","duration":23.772500000000036,"failureMessages":[],"meta":{}},{"ancestorTitles":["Admin Registrations API","GET /api/v1/admin/registrations"],"fullName":"Admin Registrations API GET /api/v1/admin/registrations should support pagination parameters","status":"passed","title":"should support pagination parameters","duration":19.29890000000023,"failureMessages":[],"meta":{}},{"ancestorTitles":["Admin Registrations API","GET /api/v1/admin/registrations"],"fullName":"Admin Registrations API GET /api/v1/admin/registrations should reject invalid token","status":"passed","title":"should reject invalid token","duration":15.519400000000132,"failureMessages":[],"meta":{}},{"ancestorTitles":["Admin Registrations API","PATCH /api/v1/admin/registrations/:id"],"fullName":"Admin Registrations API PATCH /api/v1/admin/registrations/:id should require authentication","status":"passed","title":"should require authentication","duration":45.26319999999987,"failureMessages":[],"meta":{}},{"ancestorTitles":["Admin Registrations API","PATCH /api/v1/admin/registrations/:id"],"fullName":"Admin Registrations API PATCH /api/v1/admin/registrations/:id should update registration status","status":"passed","title":"should update registration status","duration":20.170599999999922,"failureMessages":[],"meta":{}},{"ancestorTitles":["Admin Registrations API","PATCH /api/v1/admin/registrations/:id"],"fullName":"Admin Registrations API PATCH /api/v1/admin/registrations/:id should reject invalid status","status":"passed","title":"should reject invalid status","duration":13.907999999999902,"failureMessages":[],"meta":{}},{"ancestorTitles":["Admin Registrations API","GET /api/v1/admin/registrations/stats/summary"],"fullName":"Admin Registrations API GET /api/v1/admin/registrations/stats/summary should require authentication","status":"passed","title":"should require authentication","duration":13.724300000000312,"failureMessages":[],"meta":{}},{"ancestorTitles":["Admin Registrations API","GET /api/v1/admin/registrations/stats/summary"],"fullName":"Admin Registrations API GET /api/v1/admin/registrations/stats/summary should return statistics for authenticated admin","status":"passed","title":"should return statistics for authenticated admin","duration":16.516900000000078,"failureMessages":[],"meta":{}}],"startTime":1772802048075,"endTime":1772802048334.5168,"status":"passed","message":"","name":"C:/Users/Evans Wanjau/Documents/DEV/ride-with-the-warriors/server/src/__tests__/integration/routes/admin.test.ts"},{"assertionResults":[{"ancestorTitles":["Circuits API","GET /api/v1/circuits"],"fullName":"Circuits API GET /api/v1/circuits should return all circuits","status":"passed","title":"should return all circuits","duration":99.8717999999999,"failureMessages":[],"meta":{}},{"ancestorTitles":["Circuits API","GET /api/v1/circuits"],"fullName":"Circuits API GET /api/v1/circuits should return circuits with required fields","status":"passed","title":"should return circuits with required fields","duration":18.368099999999686,"failureMessages":[],"meta":{}},{"ancestorTitles":["Circuits API","GET /api/v1/circuits"],"fullName":"Circuits API GET /api/v1/circuits should include all expected circuit types","status":"passed","title":"should include all expected circuit types","duration":16.767799999999625,"failureMessages":[],"meta":{}}],"startTime":1772802048071,"endTime":1772802048206.7678,"status":"passed","message":"","name":"C:/Users/Evans Wanjau/Documents/DEV/ride-with-the-warriors/server/src/__tests__/integration/routes/circuits.test.ts"},{"assertionResults":[{"ancestorTitles":["Registrations API","POST /api/v1/registrations/quote"],"fullName":"Registrations API POST /api/v1/registrations/quote should return quote for valid individual registration","status":"passed","title":"should return quote for valid individual registration","duration":145.07540000000017,"failureMessages":[],"meta":{}},{"ancestorTitles":["Registrations API","POST /api/v1/registrations/quote"],"fullName":"Registrations API POST /api/v1/registrations/quote should return quote for valid team registration","status":"passed","title":"should return quote for valid team registration","duration":26.29320000000007,"failureMessages":[],"meta":{}},{"ancestorTitles":["Registrations API","POST /api/v1/registrations/quote"],"fullName":"Registrations API POST /api/v1/registrations/quote should return 400 for competitive team without female rider","status":"passed","title":"should return 400 for competitive team without female rider","duration":18.210199999999986,"failureMessages":[],"meta":{}},{"ancestorTitles":["Registrations API","POST /api/v1/registrations/quote"],"fullName":"Registrations API POST /api/v1/registrations/quote should return quote for valid family registration","status":"failed","title":"should return quote for valid family registration","duration":22.3421000000003,"failureMessages":["Error: expected 200 \"OK\", got 400 \"Bad Request\"\n    at C:/Users/Evans Wanjau/Documents/DEV/ride-with-the-warriors/server/src/__tests__/integration/routes/registrations.test.ts:202:18\n    at file:///C:/Users/Evans%20Wanjau/Documents/DEV/ride-with-the-warriors/server/node_modules/@vitest/runner/dist/index.js:145:11\n    at file:///C:/Users/Evans%20Wanjau/Documents/DEV/ride-with-the-warriors/server/node_modules/@vitest/runner/dist/index.js:915:26\n    at file:///C:/Users/Evans%20Wanjau/Documents/DEV/ride-with-the-warriors/server/node_modules/@vitest/runner/dist/index.js:1243:20\n    at new Promise (<anonymous>)\n    at runWithTimeout (file:///C:/Users/Evans%20Wanjau/Documents/DEV/ride-with-the-warriors/server/node_modules/@vitest/runner/dist/index.js:1209:10)\n    at file:///C:/Users/Evans%20Wanjau/Documents/DEV/ride-with-the-warriors/server/node_modules/@vitest/runner/dist/index.js:1653:37\n    at Traces.$ (file:///C:/Users/Evans%20Wanjau/Documents/DEV/ride-with-the-warriors/server/node_modules/vitest/dist/chunks/traces.CCmnQaNT.js:142:27)\n----\n    at Test._assertStatus (C:\\Users\\Evans Wanjau\\Documents\\DEV\\ride-with-the-warriors\\server\\node_modules\\supertest\\lib\\test.js:309:14)\n    at C:\\Users\\Evans Wanjau\\Documents\\DEV\\ride-with-the-warriors\\server\\node_modules\\supertest\\lib\\test.js:365:13\n    at Test._assertFunction (C:\\Users\\Evans Wanjau\\Documents\\DEV\\ride-with-the-warriors\\server\\node_modules\\supertest\\lib\\test.js:342:13)\n    at Test.assert (C:\\Users\\Evans Wanjau\\Documents\\DEV\\ride-with-the-warriors\\server\\node_modules\\supertest\\lib\\test.js:195:23)\n    at localAssert (C:\\Users\\Evans Wanjau\\Documents\\DEV\\ride-with-the-warriors\\server\\node_modules\\supertest\\lib\\test.js:138:14)\n    at Server.<anonymous> (C:\\Users\\Evans Wanjau\\Documents\\DEV\\ride-with-the-warriors\\server\\node_modules\\supertest\\lib\\test.js:152:11)\n    at Object.onceWrapper (node:events:622:28)\n    at Server.emit (node:events:508:28)\n    at emitCloseNT (node:net:2427:8)\n    at processTicksAndRejections (node:internal/process/task_queues:89:21)"],"meta":{}},{"ancestorTitles":["Registrations API","POST /api/v1/registrations/quote"],"fullName":"Registrations API POST /api/v1/registrations/quote should return 400 for invalid circuitId","status":"passed","title":"should return 400 for invalid circuitId","duration":18.945999999999913,"failureMessages":[],"meta":{}},{"ancestorTitles":["Registrations API","POST /api/v1/registrations/quote"],"fullName":"Registrations API POST /api/v1/registrations/quote should return 400 for team type on family circuit","status":"passed","title":"should return 400 for team type on family circuit","duration":15.494699999999739,"failureMessages":[],"meta":{}},{"ancestorTitles":["Registrations API","POST /api/v1/registrations/quote"],"fullName":"Registrations API POST /api/v1/registrations/quote should return 400 for missing payload","status":"passed","title":"should return 400 for missing payload","duration":19.821100000000115,"failureMessages":[],"meta":{}},{"ancestorTitles":["Registrations API","Health Check"],"fullName":"Registrations API Health Check should return health status","status":"passed","title":"should return health status","duration":12.412400000000162,"failureMessages":[],"meta":{}}],"startTime":1772802048069,"endTime":1772802048349.4124,"status":"failed","message":"","name":"C:/Users/Evans Wanjau/Documents/DEV/ride-with-the-warriors/server/src/__tests__/integration/routes/registrations.test.ts"},{"assertionResults":[{"ancestorTitles":["Auth Middleware","requireAdmin"],"fullName":"Auth Middleware requireAdmin should return 401 if no Authorization header","status":"passed","title":"should return 401 if no Authorization header","duration":10.837800000000016,"failureMessages":[],"meta":{}},{"ancestorTitles":["Auth Middleware","requireAdmin"],"fullName":"Auth Middleware requireAdmin should return 401 if token is empty","status":"passed","title":"should return 401 if token is empty","duration":2.66579999999999,"failureMessages":[],"meta":{}},{"ancestorTitles":["Auth Middleware","requireAdmin"],"fullName":"Auth Middleware requireAdmin should return 401 for invalid token","status":"passed","title":"should return 401 for invalid token","duration":2.6638000000000375,"failureMessages":[],"meta":{}},{"ancestorTitles":["Auth Middleware","requireAdmin"],"fullName":"Auth Middleware requireAdmin should return 401 for expired session","status":"passed","title":"should return 401 for expired session","duration":2.0027000000000044,"failureMessages":[],"meta":{}},{"ancestorTitles":["Auth Middleware","requireAdmin"],"fullName":"Auth Middleware requireAdmin should call next() and attach admin for valid token","status":"passed","title":"should call next() and attach admin for valid token","duration":1.812599999999975,"failureMessages":[],"meta":{}},{"ancestorTitles":["Auth Middleware","requireAdmin"],"fullName":"Auth Middleware requireAdmin should return 500 on database error","status":"passed","title":"should return 500 on database error","duration":13.967200000000048,"failureMessages":[],"meta":{}},{"ancestorTitles":["Auth Middleware","requireAdmin"],"fullName":"Auth Middleware requireAdmin should strip Bearer prefix correctly","status":"passed","title":"should strip Bearer prefix correctly","duration":1.4302000000000135,"failureMessages":[],"meta":{}}],"startTime":1772802046907,"endTime":1772802046943.4302,"status":"passed","message":"","name":"C:/Users/Evans Wanjau/Documents/DEV/ride-with-the-warriors/server/src/__tests__/unit/middleware/auth.test.ts"},{"assertionResults":[{"ancestorTitles":["Registration Validation Schemas","riderDetailsSchema"],"fullName":"Registration Validation Schemas riderDetailsSchema should validate a correct individual rider","status":"passed","title":"should validate a correct individual rider","duration":11.346700000000055,"failureMessages":[],"meta":{}},{"ancestorTitles":["Registration Validation Schemas","riderDetailsSchema"],"fullName":"Registration Validation Schemas riderDetailsSchema should reject missing first name","status":"passed","title":"should reject missing first name","duration":5.209599999999909,"failureMessages":[],"meta":{}},{"ancestorTitles":["Registration Validation Schemas","riderDetailsSchema"],"fullName":"Registration Validation Schemas riderDetailsSchema should reject missing last name","status":"passed","title":"should reject missing last name","duration":0.9927000000000135,"failureMessages":[],"meta":{}},{"ancestorTitles":["Registration Validation Schemas","riderDetailsSchema","email validation"],"fullName":"Registration Validation Schemas riderDetailsSchema email validation should reject invalid email: not-an-email","status":"passed","title":"should reject invalid email: not-an-email","duration":1.708699999999908,"failureMessages":[],"meta":{}},{"ancestorTitles":["Registration Validation Schemas","riderDetailsSchema","email validation"],"fullName":"Registration Validation Schemas riderDetailsSchema email validation should reject invalid email: @example.com","status":"passed","title":"should reject invalid email: @example.com","duration":1.3669999999999618,"failureMessages":[],"meta":{}},{"ancestorTitles":["Registration Validation Schemas","riderDetailsSchema","email validation"],"fullName":"Registration Validation Schemas riderDetailsSchema email validation should reject invalid email: test@","status":"passed","title":"should reject invalid email: test@","duration":0.711699999999837,"failureMessages":[],"meta":{}},{"ancestorTitles":["Registration Validation Schemas","riderDetailsSchema","email validation"],"fullName":"Registration Validation Schemas riderDetailsSchema email validation should reject invalid email: test@.com","status":"passed","title":"should reject invalid email: test@.com","duration":0.6324999999999363,"failureMessages":[],"meta":{}},{"ancestorTitles":["Registration Validation Schemas","riderDetailsSchema","email validation"],"fullName":"Registration Validation Schemas riderDetailsSchema email validation should accept valid email","status":"passed","title":"should accept valid email","duration":0.7584999999999127,"failureMessages":[],"meta":{}},{"ancestorTitles":["Registration Validation Schemas","riderDetailsSchema","phone number validation"],"fullName":"Registration Validation Schemas riderDetailsSchema phone number validation should reject invalid phone: 123456","status":"passed","title":"should reject invalid phone: 123456","duration":1.1920999999999822,"failureMessages":[],"meta":{}},{"ancestorTitles":["Registration Validation Schemas","riderDetailsSchema","phone number validation"],"fullName":"Registration Validation Schemas riderDetailsSchema phone number validation should reject invalid phone: +1234567890","status":"passed","title":"should reject invalid phone: +1234567890","duration":0.7958000000000993,"failureMessages":[],"meta":{}},{"ancestorTitles":["Registration Validation Schemas","riderDetailsSchema","phone number validation"],"fullName":"Registration Validation Schemas riderDetailsSchema phone number validation should reject invalid phone: abcdefghij","status":"passed","title":"should reject invalid phone: abcdefghij","duration":0.4998000000000502,"failureMessages":[],"meta":{}},{"ancestorTitles":["Registration Validation Schemas","riderDetailsSchema","phone number validation"],"fullName":"Registration Validation Schemas riderDetailsSchema phone number validation should reject invalid phone: 07123456789","status":"passed","title":"should reject invalid phone: 07123456789","duration":1.8705999999999676,"failureMessages":[],"meta":{}},{"ancestorTitles":["Registration Validation Schemas","riderDetailsSchema","phone number validation"],"fullName":"Registration Validation Schemas riderDetailsSchema phone number validation should accept valid Kenyan phone numbers","status":"passed","title":"should accept valid Kenyan phone numbers","duration":1.2799999999999727,"failureMessages":[],"meta":{}},{"ancestorTitles":["Registration Validation Schemas","riderDetailsSchema","ID number validation"],"fullName":"Registration Validation Schemas riderDetailsSchema ID number validation should reject invalid ID: 1234567","status":"passed","title":"should reject invalid ID: 1234567","duration":0.6817000000000917,"failureMessages":[],"meta":{}},{"ancestorTitles":["Registration Validation Schemas","riderDetailsSchema","ID number validation"],"fullName":"Registration Validation Schemas riderDetailsSchema ID number validation should reject invalid ID: 12345678901","status":"passed","title":"should reject invalid ID: 12345678901","duration":0.47250000000008185,"failureMessages":[],"meta":{}},{"ancestorTitles":["Registration Validation Schemas","riderDetailsSchema","ID number validation"],"fullName":"Registration Validation Schemas riderDetailsSchema ID number validation should reject invalid ID: abcd1234","status":"passed","title":"should reject invalid ID: abcd1234","duration":0.36360000000013315,"failureMessages":[],"meta":{}},{"ancestorTitles":["Registration Validation Schemas","riderDetailsSchema","ID number validation"],"fullName":"Registration Validation Schemas riderDetailsSchema ID number validation should accept valid 8-digit ID","status":"passed","title":"should accept valid 8-digit ID","duration":0.4105000000001837,"failureMessages":[],"meta":{}},{"ancestorTitles":["Registration Validation Schemas","riderDetailsSchema","ID number validation"],"fullName":"Registration Validation Schemas riderDetailsSchema ID number validation should accept valid 10-digit ID","status":"passed","title":"should accept valid 10-digit ID","duration":0.44450000000006185,"failureMessages":[],"meta":{}},{"ancestorTitles":["Registration Validation Schemas","riderDetailsSchema","date of birth validation"],"fullName":"Registration Validation Schemas riderDetailsSchema date of birth validation should reject future date of birth","status":"passed","title":"should reject future date of birth","duration":2.7241999999998825,"failureMessages":[],"meta":{}},{"ancestorTitles":["Registration Validation Schemas","riderDetailsSchema","date of birth validation"],"fullName":"Registration Validation Schemas riderDetailsSchema date of birth validation should accept valid past date of birth","status":"passed","title":"should accept valid past date of birth","duration":0.5925999999999476,"failureMessages":[],"meta":{}},{"ancestorTitles":["Registration Validation Schemas","riderDetailsSchema","date of birth validation"],"fullName":"Registration Validation Schemas riderDetailsSchema date of birth validation should reject invalid date format","status":"passed","title":"should reject invalid date format","duration":0.9435000000000855,"failureMessages":[],"meta":{}},{"ancestorTitles":["Registration Validation Schemas","riderDetailsSchema","gender validation"],"fullName":"Registration Validation Schemas riderDetailsSchema gender validation should accept male","status":"passed","title":"should accept male","duration":0.599100000000135,"failureMessages":[],"meta":{}},{"ancestorTitles":["Registration Validation Schemas","riderDetailsSchema","gender validation"],"fullName":"Registration Validation Schemas riderDetailsSchema gender validation should accept female","status":"passed","title":"should accept female","duration":1.5860999999999876,"failureMessages":[],"meta":{}},{"ancestorTitles":["Registration Validation Schemas","riderDetailsSchema","gender validation"],"fullName":"Registration Validation Schemas riderDetailsSchema gender validation should reject other values","status":"passed","title":"should reject other values","duration":1.002599999999802,"failureMessages":[],"meta":{}},{"ancestorTitles":["Registration Validation Schemas","teamDetailsSchema"],"fullName":"Registration Validation Schemas teamDetailsSchema should validate a correct team with captain","status":"passed","title":"should validate a correct team with captain","duration":1.7890999999999622,"failureMessages":[],"meta":{}},{"ancestorTitles":["Registration Validation Schemas","teamDetailsSchema"],"fullName":"Registration Validation Schemas teamDetailsSchema should reject team without captain","status":"passed","title":"should reject team without captain","duration":0.7916000000000167,"failureMessages":[],"meta":{}},{"ancestorTitles":["Registration Validation Schemas","teamDetailsSchema"],"fullName":"Registration Validation Schemas teamDetailsSchema should reject team with multiple captains","status":"passed","title":"should reject team with multiple captains","duration":0.9972000000000207,"failureMessages":[],"meta":{}},{"ancestorTitles":["Registration Validation Schemas","teamDetailsSchema"],"fullName":"Registration Validation Schemas teamDetailsSchema should reject empty team name","status":"passed","title":"should reject empty team name","duration":1.3827000000001135,"failureMessages":[],"meta":{}},{"ancestorTitles":["Registration Validation Schemas","teamDetailsSchema"],"fullName":"Registration Validation Schemas teamDetailsSchema should reject team with no members","status":"passed","title":"should reject team with no members","duration":0.48099999999999454,"failureMessages":[],"meta":{}},{"ancestorTitles":["Registration Validation Schemas","familyDetailsSchema"],"fullName":"Registration Validation Schemas familyDetailsSchema should validate a correct family registration","status":"failed","title":"should validate a correct family registration","duration":55.762500000000045,"failureMessages":["AssertionError: expected false to be true // Object.is equality\n    at C:/Users/Evans Wanjau/Documents/DEV/ride-with-the-warriors/server/src/__tests__/unit/validation/registrationSchemas.test.ts:173:36\n    at file:///C:/Users/Evans%20Wanjau/Documents/DEV/ride-with-the-warriors/server/node_modules/@vitest/runner/dist/index.js:145:11\n    at file:///C:/Users/Evans%20Wanjau/Documents/DEV/ride-with-the-warriors/server/node_modules/@vitest/runner/dist/index.js:915:26\n    at file:///C:/Users/Evans%20Wanjau/Documents/DEV/ride-with-the-warriors/server/node_modules/@vitest/runner/dist/index.js:1243:20\n    at new Promise (<anonymous>)\n    at runWithTimeout (file:///C:/Users/Evans%20Wanjau/Documents/DEV/ride-with-the-warriors/server/node_modules/@vitest/runner/dist/index.js:1209:10)\n    at file:///C:/Users/Evans%20Wanjau/Documents/DEV/ride-with-the-warriors/server/node_modules/@vitest/runner/dist/index.js:1653:37\n    at Traces.$ (file:///C:/Users/Evans%20Wanjau/Documents/DEV/ride-with-the-warriors/server/node_modules/vitest/dist/chunks/traces.CCmnQaNT.js:142:27)\n    at trace (file:///C:/Users/Evans%20Wanjau/Documents/DEV/ride-with-the-warriors/server/node_modules/vitest/dist/chunks/test.B8ej_ZHS.js:239:21)\n    at runTest (file:///C:/Users/Evans%20Wanjau/Documents/DEV/ride-with-the-warriors/server/node_modules/@vitest/runner/dist/index.js:1653:12)"],"meta":{}},{"ancestorTitles":["Registration Validation Schemas","familyDetailsSchema"],"fullName":"Registration Validation Schemas familyDetailsSchema should reject family with no children","status":"passed","title":"should reject family with no children","duration":1.3924999999999272,"failureMessages":[],"meta":{}},{"ancestorTitles":["Registration Validation Schemas","familyDetailsSchema"],"fullName":"Registration Validation Schemas familyDetailsSchema should reject cub with age outside 4-8 range","status":"passed","title":"should reject cub with age outside 4-8 range","duration":1.068899999999985,"failureMessages":[],"meta":{}},{"ancestorTitles":["Registration Validation Schemas","familyDetailsSchema"],"fullName":"Registration Validation Schemas familyDetailsSchema should reject champ with age outside 9-13 range","status":"passed","title":"should reject champ with age outside 9-13 range","duration":1.0205999999998312,"failureMessages":[],"meta":{}},{"ancestorTitles":["Registration Validation Schemas","quoteRequestSchema"],"fullName":"Registration Validation Schemas quoteRequestSchema should validate correct individual quote request","status":"passed","title":"should validate correct individual quote request","duration":0.968900000000076,"failureMessages":[],"meta":{}},{"ancestorTitles":["Registration Validation Schemas","quoteRequestSchema"],"fullName":"Registration Validation Schemas quoteRequestSchema should validate correct team quote request","status":"passed","title":"should validate correct team quote request","duration":0.4954999999999927,"failureMessages":[],"meta":{}},{"ancestorTitles":["Registration Validation Schemas","quoteRequestSchema"],"fullName":"Registration Validation Schemas quoteRequestSchema should validate correct family quote request","status":"passed","title":"should validate correct family quote request","duration":0.4920000000001892,"failureMessages":[],"meta":{}},{"ancestorTitles":["Registration Validation Schemas","quoteRequestSchema"],"fullName":"Registration Validation Schemas quoteRequestSchema should reject invalid circuit ID","status":"passed","title":"should reject invalid circuit ID","duration":0.8322000000000571,"failureMessages":[],"meta":{}},{"ancestorTitles":["Registration Validation Schemas","quoteRequestSchema"],"fullName":"Registration Validation Schemas quoteRequestSchema should reject team type for family circuit","status":"passed","title":"should reject team type for family circuit","duration":0.6635000000001128,"failureMessages":[],"meta":{}},{"ancestorTitles":["Registration Validation Schemas","quoteRequestSchema"],"fullName":"Registration Validation Schemas quoteRequestSchema should reject under-13 for non-family circuits","status":"passed","title":"should reject under-13 for non-family circuits","duration":0.6567000000000007,"failureMessages":[],"meta":{}}],"startTime":1772802046915,"endTime":1772802047025.6567,"status":"failed","message":"","name":"C:/Users/Evans Wanjau/Documents/DEV/ride-with-the-warriors/server/src/__tests__/unit/validation/registrationSchemas.test.ts"},{"assertionResults":[{"ancestorTitles":["Pricing Service","calculateAge"],"fullName":"Pricing Service calculateAge should calculate correct age for adult","status":"passed","title":"should calculate correct age for adult","duration":6.112700000000132,"failureMessages":[],"meta":{}},{"ancestorTitles":["Pricing Service","calculateAge"],"fullName":"Pricing Service calculateAge should calculate correct age for child","status":"passed","title":"should calculate correct age for child","duration":2.9645000000000437,"failureMessages":[],"meta":{}},{"ancestorTitles":["Pricing Service","calculateAge"],"fullName":"Pricing Service calculateAge should return null for empty string","status":"passed","title":"should return null for empty string","duration":0.6632000000001881,"failureMessages":[],"meta":{}},{"ancestorTitles":["Pricing Service","calculateAge"],"fullName":"Pricing Service calculateAge should handle birthday today correctly","status":"passed","title":"should handle birthday today correctly","duration":0.822400000000016,"failureMessages":[],"meta":{}},{"ancestorTitles":["Pricing Service","calculateAge"],"fullName":"Pricing Service calculateAge should handle birthday tomorrow (not yet passed)","status":"passed","title":"should handle birthday tomorrow (not yet passed)","duration":0.7550999999998567,"failureMessages":[],"meta":{}},{"ancestorTitles":["Pricing Service","getClassification"],"fullName":"Pricing Service getClassification should match adult rider category for blitz circuit","status":"passed","title":"should match adult rider category for blitz circuit","duration":1.2783999999999196,"failureMessages":[],"meta":{}},{"ancestorTitles":["Pricing Service","getClassification"],"fullName":"Pricing Service getClassification should match veteran category for 50+ riders","status":"passed","title":"should match veteran category for 50+ riders","duration":1.028099999999995,"failureMessages":[],"meta":{}},{"ancestorTitles":["Pricing Service","getClassification"],"fullName":"Pricing Service getClassification should match team category for recon team","status":"passed","title":"should match team category for recon team","duration":1.4312999999999647,"failureMessages":[],"meta":{}},{"ancestorTitles":["Pricing Service","getClassification"],"fullName":"Pricing Service getClassification should match cubs category for family circuit","status":"passed","title":"should match cubs category for family circuit","duration":0.9491999999997915,"failureMessages":[],"meta":{}},{"ancestorTitles":["Pricing Service","getClassification"],"fullName":"Pricing Service getClassification should match champs category for family circuit","status":"passed","title":"should match champs category for family circuit","duration":0.6330000000000382,"failureMessages":[],"meta":{}},{"ancestorTitles":["Pricing Service","getClassification"],"fullName":"Pricing Service getClassification should return fallback for non-matching category","status":"passed","title":"should return fallback for non-matching category","duration":0.46289999999999054,"failureMessages":[],"meta":{}},{"ancestorTitles":["Pricing Service","buildQuote"],"fullName":"Pricing Service buildQuote should build quote for individual registration","status":"passed","title":"should build quote for individual registration","duration":5.665299999999888,"failureMessages":[],"meta":{}},{"ancestorTitles":["Pricing Service","buildQuote"],"fullName":"Pricing Service buildQuote should build quote for team registration","status":"passed","title":"should build quote for team registration","duration":1.598700000000008,"failureMessages":[],"meta":{}},{"ancestorTitles":["Pricing Service","buildQuote"],"fullName":"Pricing Service buildQuote should build quote for family registration with multiple categories","status":"passed","title":"should build quote for family registration with multiple categories","duration":1.3275000000001,"failureMessages":[],"meta":{}},{"ancestorTitles":["Pricing Service","buildQuote"],"fullName":"Pricing Service buildQuote should handle empty family riders","status":"passed","title":"should handle empty family riders","duration":0.842200000000048,"failureMessages":[],"meta":{}}],"startTime":1772802046855,"endTime":1772802046882.8423,"status":"passed","message":"","name":"C:/Users/Evans Wanjau/Documents/DEV/ride-with-the-warriors/server/src/__tests__/unit/services/pricing.test.ts"}]}
